"S:/Users/Varizio/Documents/Comp2019/Content/HealthPotion.uasset" 0
"S:/Users/Varizio/Documents/Comp2019/Content/Assets/Map/Empty.uasset" 1
"S:/Users/Varizio/Documents/Comp2019/Content/Assets/Map/Empty_Sprite.uasset" 2
"S:/Users/Varizio/Documents/Comp2019/Content/Assets/Map/World.uasset" 3
"S:/Users/Varizio/Documents/Comp2019/Content/Assets/Map/World-TS.uasset" 4
"S:/Users/Varizio/Documents/Comp2019/Content/Assets/Player/Temp/Character_Anims.uasset" 5
"S:/Users/Varizio/Documents/Comp2019/Content/Assets/Player/Temp/Character_Anims_Sprite_0.uasset" 6
"S:/Users/Varizio/Documents/Comp2019/Content/Assets/Player/Temp/Character_Anims_Sprite_1.uasset" 7
"S:/Users/Varizio/Documents/Comp2019/Content/Assets/Player/Temp/Character_Anims_Sprite_2.uasset" 8
"S:/Users/Varizio/Documents/Comp2019/Content/Assets/Player/Temp/Character_Anims_Sprite_3.uasset" 9
"S:/Users/Varizio/Documents/Comp2019/Content/Assets/Player/Temp/Character_Anims_Sprite_4.uasset" 10
"S:/Users/Varizio/Documents/Comp2019/Content/Assets/Player/Temp/Character_Anims_Sprite_5.uasset" 11
"S:/Users/Varizio/Documents/Comp2019/Content/Assets/Player/Temp/Character_Anims_Sprite_6.uasset" 12
"S:/Users/Varizio/Documents/Comp2019/Content/Assets/Player/Temp/Character_Anims_Sprite_7.uasset" 13
"S:/Users/Varizio/Documents/Comp2019/Content/Sounds/Click_SFX-1.uasset" 14
"S:/Users/Varizio/Documents/Comp2019/Content/Sounds/Click_SFX-1_Cue.uasset" 15
"S:/Users/Varizio/Documents/Comp2019/Content/Sounds/Death_BGM.uasset" 16
"S:/Users/Varizio/Documents/Comp2019/Content/Sounds/Death_SFX-3_2_.uasset" 17
"S:/Users/Varizio/Documents/Comp2019/Content/Sounds/Death_SFX-3_2__Cue.uasset" 18
"S:/Users/Varizio/Documents/Comp2019/Content/Sounds/Footstep_SFX-3.uasset" 19
"S:/Users/Varizio/Documents/Comp2019/Content/Sounds/Footstep_SFX-3_Cue.uasset" 20
"S:/Users/Varizio/Documents/Comp2019/Content/Sounds/Glass_SFX-2.uasset" 21
"S:/Users/Varizio/Documents/Comp2019/Content/Sounds/Glass_SFX-2_Cue.uasset" 22
"S:/Users/Varizio/Documents/Comp2019/Content/Sounds/URSS.uasset" 23
"S:/Users/Varizio/Documents/Comp2019/Content/Splash/Splash.uasset" 24
"S:/Users/Varizio/Documents/Comp2019/Content/Blueprints/GameStats.uasset" 25
"../../../Engine/Content/EditorBlueprintResources/StandardMacros.uasset" 26
"../../Plugins/2D/Paper2D/Content/DefaultSpriteMaterial.uasset" 27
"../../Plugins/2D/Paper2D/Content/TranslucentUnlitSpriteMaterial.uasset" 28
"S:/Users/Varizio/Documents/Comp2019/Content/Assets/Map/Ballon.uasset" 29
"S:/Users/Varizio/Documents/Comp2019/Content/Assets/Map/Ballon_Sprite_0.uasset" 30
"S:/Users/Varizio/Documents/Comp2019/Content/Assets/Map/BallonFB.uasset" 31
"S:/Users/Varizio/Documents/Comp2019/Content/Assets/Map/Confetti.uasset" 32
"S:/Users/Varizio/Documents/Comp2019/Content/Assets/Map/Confetti_Sprite_0.uasset" 33
"S:/Users/Varizio/Documents/Comp2019/Content/Assets/Map/Confetti_Sprite_1.uasset" 34
"S:/Users/Varizio/Documents/Comp2019/Content/Assets/Map/ConfettiFB.uasset" 35
"S:/Users/Varizio/Documents/Comp2019/Content/Blueprints/Ballon.uasset" 36
"S:/Users/Varizio/Documents/Comp2019/Content/Assets/Map/Beer.uasset" 37
"S:/Users/Varizio/Documents/Comp2019/Content/Assets/Map/Beer_Sprite.uasset" 38
"S:/Users/Varizio/Documents/Comp2019/Content/Blueprints/Beer.uasset" 39
"S:/Users/Varizio/Documents/Comp2019/Content/Blueprints/Goblin/GoblinStruct.uasset" 40
"S:/Users/Varizio/Documents/Comp2019/Content/Assets/Goblin/Goblin.uasset" 41
"S:/Users/Varizio/Documents/Comp2019/Content/Assets/Goblin/Goblin_Sprite_4.uasset" 42
"S:/Users/Varizio/Documents/Comp2019/Content/Assets/Goblin/GoblinFB/G-DAttack.uasset" 43
"S:/Users/Varizio/Documents/Comp2019/Content/Assets/Goblin/Explode.uasset" 44
"S:/Users/Varizio/Documents/Comp2019/Content/Assets/Goblin/Explode_Sprite_0.uasset" 45
"S:/Users/Varizio/Documents/Comp2019/Content/Assets/Goblin/Explode_Sprite_1.uasset" 46
"S:/Users/Varizio/Documents/Comp2019/Content/Assets/Goblin/Explode_Sprite_2.uasset" 47
"S:/Users/Varizio/Documents/Comp2019/Content/Assets/Goblin/Explode_Sprite_3.uasset" 48
"S:/Users/Varizio/Documents/Comp2019/Content/Assets/Goblin/GoblinFB/G-Death.uasset" 49
"S:/Users/Varizio/Documents/Comp2019/Content/Assets/Goblin/Goblin_Sprite_1.uasset" 50
"S:/Users/Varizio/Documents/Comp2019/Content/Assets/Goblin/Goblin_Sprite_2.uasset" 51
"S:/Users/Varizio/Documents/Comp2019/Content/Assets/Goblin/GoblinFB/G-DIdle.uasset" 52
"S:/Users/Varizio/Documents/Comp2019/Content/Assets/Goblin/Goblin_Sprite_0.uasset" 53
"S:/Users/Varizio/Documents/Comp2019/Content/Assets/Goblin/Goblin_Sprite_3.uasset" 54
"S:/Users/Varizio/Documents/Comp2019/Content/Assets/Goblin/GoblinFB/G-DMove.uasset" 55
"S:/Users/Varizio/Documents/Comp2019/Content/Assets/Goblin/Goblin_Sprite_14.uasset" 56
"S:/Users/Varizio/Documents/Comp2019/Content/Assets/Goblin/GoblinFB/G-LAttack.uasset" 57
"S:/Users/Varizio/Documents/Comp2019/Content/Assets/Goblin/Goblin_Sprite_11.uasset" 58
"S:/Users/Varizio/Documents/Comp2019/Content/Assets/Goblin/Goblin_Sprite_12.uasset" 59
"S:/Users/Varizio/Documents/Comp2019/Content/Assets/Goblin/GoblinFB/G-LIdle.uasset" 60
"S:/Users/Varizio/Documents/Comp2019/Content/Assets/Goblin/Goblin_Sprite_10.uasset" 61
"S:/Users/Varizio/Documents/Comp2019/Content/Assets/Goblin/Goblin_Sprite_13.uasset" 62
"S:/Users/Varizio/Documents/Comp2019/Content/Assets/Goblin/GoblinFB/G-LMove.uasset" 63
"S:/Users/Varizio/Documents/Comp2019/Content/Assets/Goblin/Goblin_Sprite_19.uasset" 64
"S:/Users/Varizio/Documents/Comp2019/Content/Assets/Goblin/GoblinFB/G-RAttack.uasset" 65
"S:/Users/Varizio/Documents/Comp2019/Content/Assets/Goblin/Goblin_Sprite_16.uasset" 66
"S:/Users/Varizio/Documents/Comp2019/Content/Assets/Goblin/Goblin_Sprite_17.uasset" 67
"S:/Users/Varizio/Documents/Comp2019/Content/Assets/Goblin/GoblinFB/G-RIdle.uasset" 68
"S:/Users/Varizio/Documents/Comp2019/Content/Assets/Goblin/Goblin_Sprite_15.uasset" 69
"S:/Users/Varizio/Documents/Comp2019/Content/Assets/Goblin/Goblin_Sprite_18.uasset" 70
"S:/Users/Varizio/Documents/Comp2019/Content/Assets/Goblin/GoblinFB/G-RMove.uasset" 71
"S:/Users/Varizio/Documents/Comp2019/Content/Assets/Goblin/Goblin_Sprite_9.uasset" 72
"S:/Users/Varizio/Documents/Comp2019/Content/Assets/Goblin/GoblinFB/G-UAttack.uasset" 73
"S:/Users/Varizio/Documents/Comp2019/Content/Assets/Goblin/Goblin_Sprite_6.uasset" 74
"S:/Users/Varizio/Documents/Comp2019/Content/Assets/Goblin/Goblin_Sprite_7.uasset" 75
"S:/Users/Varizio/Documents/Comp2019/Content/Assets/Goblin/GoblinFB/G-UIdle.uasset" 76
"S:/Users/Varizio/Documents/Comp2019/Content/Assets/Goblin/Goblin_Sprite_5.uasset" 77
"S:/Users/Varizio/Documents/Comp2019/Content/Assets/Goblin/Goblin_Sprite_8.uasset" 78
"S:/Users/Varizio/Documents/Comp2019/Content/Assets/Goblin/GoblinFB/G-UMove.uasset" 79
"S:/Users/Varizio/Documents/Comp2019/Content/Blueprints/OrientationEnum.uasset" 80
"S:/Users/Varizio/Documents/Comp2019/Content/Blueprints/Goblin/GoblinBP.uasset" 81
"S:/Users/Varizio/Documents/Comp2019/Content/Blueprints/Player/PlayerShake.uasset" 82
"S:/Users/Varizio/Documents/Comp2019/Content/Assets/Player/Player_Anims.uasset" 83
"S:/Users/Varizio/Documents/Comp2019/Content/Assets/Player/Player_Anims_Sprite_11.uasset" 84
"S:/Users/Varizio/Documents/Comp2019/Content/Assets/Player/Player_Anims_Sprite_17.uasset" 85
"S:/Users/Varizio/Documents/Comp2019/Content/Assets/Player/Player_Anims_Sprite_23.uasset" 86
"S:/Users/Varizio/Documents/Comp2019/Content/Assets/Player/Player_Anims_Sprite_4.uasset" 87
"S:/Users/Varizio/Documents/Comp2019/Content/Assets/Player/Player_Anims_Sprite_5.uasset" 88
"S:/Users/Varizio/Documents/Comp2019/Content/Assets/Player/PlayerFB/P-DAttack.uasset" 89
"S:/Users/Varizio/Documents/Comp2019/Content/Assets/Player/Player_Anims_Sprite_1.uasset" 90
"S:/Users/Varizio/Documents/Comp2019/Content/Assets/Player/Player_Anims_Sprite_2.uasset" 91
"S:/Users/Varizio/Documents/Comp2019/Content/Assets/Player/PlayerFB/P-DIdle.uasset" 92
"S:/Users/Varizio/Documents/Comp2019/Content/Assets/Player/Player_Anims_Sprite_0.uasset" 93
"S:/Users/Varizio/Documents/Comp2019/Content/Assets/Player/Player_Anims_Sprite_3.uasset" 94
"S:/Users/Varizio/Documents/Comp2019/Content/Assets/Player/PlayerFB/P-DMove.uasset" 95
"S:/Users/Varizio/Documents/Comp2019/Content/Assets/Player/Player_Anims_Sprite_16.uasset" 96
"S:/Users/Varizio/Documents/Comp2019/Content/Assets/Player/PlayerFB/P-LAttack.uasset" 97
"S:/Users/Varizio/Documents/Comp2019/Content/Assets/Player/Player_Anims_Sprite_13.uasset" 98
"S:/Users/Varizio/Documents/Comp2019/Content/Assets/Player/Player_Anims_Sprite_14.uasset" 99
"S:/Users/Varizio/Documents/Comp2019/Content/Assets/Player/PlayerFB/P-LIdle.uasset" 100
"S:/Users/Varizio/Documents/Comp2019/Content/Assets/Player/Player_Anims_Sprite_12.uasset" 101
"S:/Users/Varizio/Documents/Comp2019/Content/Assets/Player/Player_Anims_Sprite_15.uasset" 102
"S:/Users/Varizio/Documents/Comp2019/Content/Assets/Player/PlayerFB/P-LMove.uasset" 103
"S:/Users/Varizio/Documents/Comp2019/Content/Assets/Player/Player_Anims_Sprite_22.uasset" 104
"S:/Users/Varizio/Documents/Comp2019/Content/Assets/Player/PlayerFB/P-RAttack.uasset" 105
"S:/Users/Varizio/Documents/Comp2019/Content/Assets/Player/Player_Anims_Sprite_19.uasset" 106
"S:/Users/Varizio/Documents/Comp2019/Content/Assets/Player/Player_Anims_Sprite_20.uasset" 107
"S:/Users/Varizio/Documents/Comp2019/Content/Assets/Player/PlayerFB/P-RIdle.uasset" 108
"S:/Users/Varizio/Documents/Comp2019/Content/Assets/Player/Player_Anims_Sprite_18.uasset" 109
"S:/Users/Varizio/Documents/Comp2019/Content/Assets/Player/Player_Anims_Sprite_21.uasset" 110
"S:/Users/Varizio/Documents/Comp2019/Content/Assets/Player/PlayerFB/P-RMove.uasset" 111
"S:/Users/Varizio/Documents/Comp2019/Content/Assets/Player/Player_Anims_Sprite_10.uasset" 112
"S:/Users/Varizio/Documents/Comp2019/Content/Assets/Player/PlayerFB/P-UAttack.uasset" 113
"S:/Users/Varizio/Documents/Comp2019/Content/Assets/Player/Player_Anims_Sprite_7.uasset" 114
"S:/Users/Varizio/Documents/Comp2019/Content/Assets/Player/Player_Anims_Sprite_8.uasset" 115
"S:/Users/Varizio/Documents/Comp2019/Content/Assets/Player/PlayerFB/P-UIdle.uasset" 116
"S:/Users/Varizio/Documents/Comp2019/Content/Assets/Player/Player_Anims_Sprite_6.uasset" 117
"S:/Users/Varizio/Documents/Comp2019/Content/Assets/Player/Player_Anims_Sprite_9.uasset" 118
"S:/Users/Varizio/Documents/Comp2019/Content/Assets/Player/PlayerFB/P-UMove.uasset" 119
"S:/Users/Varizio/Documents/Comp2019/Content/Blueprints/Player/PlayerStruct.uasset" 120
"S:/Users/Varizio/Documents/Comp2019/Content/Assets/Player/New.uasset" 121
"S:/Users/Varizio/Documents/Comp2019/Content/Assets/Player/New_Sprite_1.uasset" 122
"S:/Users/Varizio/Documents/Comp2019/Content/Assets/Player/New_Sprite_3.uasset" 123
"S:/Users/Varizio/Documents/Comp2019/Content/Assets/Player/New_Sprite_5.uasset" 124
"S:/Users/Varizio/Documents/Comp2019/Content/Assets/Player/New_Sprite_7.uasset" 125
"S:/Users/Varizio/Documents/Comp2019/Content/Assets/Player/P-Death.uasset" 126
"S:/Users/Varizio/Documents/Comp2019/Content/Assets/Player/New_Sprite_0.uasset" 127
"S:/Users/Varizio/Documents/Comp2019/Content/Assets/Player/New_Sprite_2.uasset" 128
"S:/Users/Varizio/Documents/Comp2019/Content/Assets/Player/New_Sprite_4.uasset" 129
"S:/Users/Varizio/Documents/Comp2019/Content/Assets/Player/New_Sprite_6.uasset" 130
"S:/Users/Varizio/Documents/Comp2019/Content/Assets/Player/P-Jump.uasset" 131
"S:/Users/Varizio/Documents/Comp2019/Content/Sounds/BGM-1.uasset" 132
"S:/Users/Varizio/Documents/Comp2019/Content/Sounds/BGM-1_Cue.uasset" 133
"S:/Users/Varizio/Documents/Comp2019/Content/Sounds/Main_Menu.uasset" 134
"S:/Users/Varizio/Documents/Comp2019/Content/Sounds/Main_Menu_Cue.uasset" 135
"S:/Users/Varizio/Documents/Comp2019/Content/Sounds/Sword_SFX-1.uasset" 136
"S:/Users/Varizio/Documents/Comp2019/Content/Sounds/Sword_SFX-1_Cue.uasset" 137
"S:/Users/Varizio/Documents/Comp2019/Content/Assets/Health/Health.uasset" 138
"S:/Users/Varizio/Documents/Comp2019/Content/Assets/Health/Health_Sprite_0.uasset" 139
"S:/Users/Varizio/Documents/Comp2019/Content/Assets/Health/Health_Sprite_1.uasset" 140
"S:/Users/Varizio/Documents/Comp2019/Content/Assets/Health/Health_Sprite_2.uasset" 141
"S:/Users/Varizio/Documents/Comp2019/Content/Assets/Health/Health_Sprite_3.uasset" 142
"S:/Users/Varizio/Documents/Comp2019/Content/Widget/InGame/PlayerHealth.uasset" 143
"S:/Users/Varizio/Documents/Comp2019/Content/Widget/InGame/Score.uasset" 144
"S:/Users/Varizio/Documents/Comp2019/Content/Widget/InGame/PlayerUI.uasset" 145
"../../../Engine/Content/VREditor/Sounds/UI/Click_on_Button.uasset" 146
"S:/Users/Varizio/Documents/Comp2019/Content/Widget/MainMenu/Home_page.uasset" 147
"S:/Users/Varizio/Documents/Comp2019/Content/Widget/MainMenu/Start_Button.uasset" 148
"S:/Users/Varizio/Documents/Comp2019/Content/Widget/MainMenu/Menu.uasset" 149
"S:/Users/Varizio/Documents/Comp2019/Content/Widget/Score/ScoreMenu.uasset" 150
"S:/Users/Varizio/Documents/Comp2019/Content/Blueprints/Player/PlayerBP.uasset" 151
"S:/Users/Varizio/Documents/Comp2019/Content/Widget/InGame/PlayerScore.uasset" 152
"S:/Users/Varizio/Documents/Comp2019/Content/Widget/InGame/PlayerScoresList.uasset" 153
"../../../Engine/Content/Functions/Engine_MaterialFunctions01/Opacity/CameraDepthFade.uasset" 154
"../../../Engine/Content/EngineMaterials/T_Default_Material_Grid_M.uasset" 155
"../../../Engine/Content/EngineMaterials/T_Default_Material_Grid_N.uasset" 156
"../../../Engine/Content/EngineMaterials/WorldGridMaterial.uasset" 157
"../../../Engine/Content/ArtTools/RenderToTexture/Meshes/S_1_Unit_Plane.uasset" 158
"../../../Engine/Content/EngineMaterials/DefaultMaterial.uasset" 159
"../../../Engine/Content/BasicShapes/Cone.uasset" 160
"../../../Engine/Content/BasicShapes/Cube.uasset" 161
"../../../Engine/Content/BasicShapes/Cylinder.uasset" 162
"../../../Engine/Content/BasicShapes/Plane.uasset" 163
"../../../Engine/Content/BasicShapes/Sphere.uasset" 164
"../../../Engine/Content/EditorLandscapeResources/DataLayer.uasset" 165
"../../../Engine/Content/EditorMaterials/GizmoMaterial.uasset" 166
"../../../Engine/Content/EditorMaterials/MAT_Groups_Toggle.uasset" 167
"../../../Engine/Content/EditorMaterials/MAT_Groups_Visibility.uasset" 168
"../../../Engine/Content/EditorMaterials/PreviewShadowIndicator.uasset" 169
"../../../Engine/Content/EditorMaterials/PreviewShadowIndicatorMaterial.uasset" 170
"../../../Engine/Content/EditorMaterials/MatineeGroups/MAT_ColorTrack.uasset" 171
"../../../Engine/Content/EditorMaterials/MatineeGroups/MAT_Groups_Anim.uasset" 172
"../../../Engine/Content/EditorMaterials/MatineeGroups/MAT_Groups_AudioMaster.uasset" 173
"../../../Engine/Content/EditorMaterials/MatineeGroups/MAT_Groups_Director.uasset" 174
"../../../Engine/Content/EditorMaterials/MatineeGroups/MAT_Groups_Event.uasset" 175
"../../../Engine/Content/EditorMaterials/MatineeGroups/MAT_Groups_Fade.uasset" 176
"../../../Engine/Content/EditorMaterials/MatineeGroups/MAT_Groups_Float.uasset" 177
"../../../Engine/Content/EditorMaterials/MatineeGroups/MAT_Groups_Move.uasset" 178
"../../../Engine/Content/EditorMaterials/MatineeGroups/MAT_Groups_Slomo.uasset" 179
"../../../Engine/Content/EditorMaterials/MatineeGroups/MAT_Groups_Sound.uasset" 180
"../../../Engine/Content/EditorMaterials/MatineeGroups/MAT_Groups_Vector.uasset" 181
"../../../Engine/Content/EditorMaterials/ParticleSystems/PSysThumbnail_NoImage.uasset" 182
"../../../Engine/Content/EditorMaterials/ParticleSystems/PSysThumbnail_OOD.uasset" 183
"../../../Engine/Content/EditorMaterials/Camera/CineMat.uasset" 184
"../../../Engine/Content/EditorMaterials/Camera/MI_CineMat_Rig.uasset" 185
"../../../Engine/Content/EditorMeshes/Camera/SM_CraneRig_Arm.uasset" 186
"../../../Engine/Content/EditorMeshes/Camera/SM_CraneRig_Base.uasset" 187
"../../../Engine/Content/EditorMeshes/Camera/SM_CraneRig_Body.uasset" 188
"../../../Engine/Content/EditorMeshes/Camera/SM_CraneRig_Mount.uasset" 189
"../../../Engine/Content/EditorMeshes/Camera/SM_RailRig_Mount.uasset" 190
"../../../Engine/Content/EditorMeshes/Camera/SM_RailRig_Track.uasset" 191
"../../../Engine/Content/EditorResources/BSPVertex.uasset" 192
"../../../Engine/Content/EditorResources/EmptyActor.uasset" 193
"../../../Engine/Content/EditorResources/S_Actor.uasset" 194
"../../../Engine/Content/EditorResources/S_Trigger.uasset" 195
"../../../Engine/Content/EditorResources/SequenceRecorder/Countdown.uasset" 196
"../../../Engine/Content/EditorResources/SequenceRecorder/RecordingIndicator.uasset" 197
"../../../Engine/Content/EditorSounds/Notifications/CompileFailed.uasset" 198
"../../../Engine/Content/EditorSounds/Notifications/CompileFailed_Cue.uasset" 199
"../../../Engine/Content/EditorSounds/Notifications/CompileSuccess.uasset" 200
"../../../Engine/Content/EditorSounds/Notifications/CompileStart_Cue.uasset" 201
"../../../Engine/Content/EditorSounds/Notifications/CompileSuccess_Cue.uasset" 202
"../../../Engine/Content/EngineDamageTypes/DmgTypeBP_Environmental.uasset" 203
"../../../Engine/Content/EngineDebugMaterials/HeatmapGradient.uasset" 204
"../../../Engine/Content/EngineDebugMaterials/BoneWeightMaterial.uasset" 205
"../../../Engine/Content/EngineDebugMaterials/ClothMaterial.uasset" 206
"../../../Engine/Content/EngineDebugMaterials/ClothMaterial_WF.uasset" 207
"../../../Engine/Content/EngineDebugMaterials/DebugEditorMaterial.uasset" 208
"../../../Engine/Content/EngineDebugMaterials/DebugMeshMaterial.uasset" 209
"../../../Engine/Content/EngineDebugMaterials/GeomMaterial.uasset" 210
"../../../Engine/Content/EngineDebugMaterials/M_SimpleTranslucent.uasset" 211
"../../../Engine/Content/EngineFonts/Faces/RobotoBold.uasset" 212
"../../../Engine/Content/EngineFonts/Faces/RobotoBoldItalic.uasset" 213
"../../../Engine/Content/EngineFonts/Faces/RobotoItalic.uasset" 214
"../../../Engine/Content/EngineFonts/Faces/RobotoLight.uasset" 215
"../../../Engine/Content/EngineFonts/Faces/RobotoRegular.uasset" 216
"../../../Engine/Content/EngineFonts/Roboto.uasset" 217
"../../../Engine/Content/EngineFonts/Faces/RobotoTiny.uasset" 218
"../../../Engine/Content/EngineFonts/RobotoTiny.uasset" 219
"../../../Engine/Content/EngineMaterials/BaseFlattenDiffuseMap.uasset" 220
"../../../Engine/Content/EngineMaterials/BaseFlattenEmissiveMap.uasset" 221
"../../../Engine/Content/EngineMaterials/BaseFlattenGrayscaleMap.uasset" 222
"../../../Engine/Content/EngineMaterials/BaseFlattenNormalMap.uasset" 223
"../../../Engine/Content/EngineMaterials/BaseFlattenMaterial.uasset" 224
"../../../Engine/Content/EngineMaterials/DefaultBloomKernel.uasset" 225
"../../../Engine/Content/EngineMaterials/DefaultBokeh.uasset" 226
"../../../Engine/Content/EngineMaterials/DefaultDiffuse.uasset" 227
"../../../Engine/Content/EngineMaterials/DefaultDeferredDecalMaterial.uasset" 228
"../../../Engine/Content/EngineMaterials/DefaultLightFunctionMaterial.uasset" 229
"../../../Engine/Content/EngineMaterials/DefaultPhysicalMaterial.uasset" 230
"../../../Engine/Content/Functions/Engine_MaterialFunctions02/Utility/BreakOutFloat2Components.uasset" 231
"../../../Engine/Content/EngineMaterials/DefaultPostProcessMaterial.uasset" 232
"../../../Engine/Content/EngineFonts/RobotoDistanceField.uasset" 233
"../../../Engine/Content/EngineMaterials/DefaultTextMaterialOpaque.uasset" 234
"../../../Engine/Content/EngineMaterials/DefaultWhiteGrid.uasset" 235
"../../../Engine/Content/EngineMaterials/EditorBrushMaterial.uasset" 236
"../../../Engine/Content/EngineMaterials/Good64x64TilingNoiseHighFreq.uasset" 237
"../../../Engine/Content/EngineMaterials/MiniFont.uasset" 238
"../../../Engine/Content/EngineMaterials/InvalidLightmapSettings.uasset" 239
"../../../Engine/Content/EngineMaterials/M_InvalidLightmapSettings.uasset" 240
"../../../Engine/Content/Functions/Engine_MaterialFunctions02/WorldPositionOffset/CameraOffset.uasset" 241
"../../../Engine/Content/EngineMaterials/PhAT_JointLimitMaterial.uasset" 242
"../../../Engine/Content/EngineMaterials/PreintegratedSkinBRDF.uasset" 243
"../../../Engine/Content/EngineMaterials/RemoveSurfaceMaterial.uasset" 244
"../../../Engine/Content/EngineMaterials/WeightMapPlaceholderTexture.uasset" 245
"../../../Engine/Content/EngineResources/WhiteSquareTexture.uasset" 246
"../../../Engine/Content/EngineMaterials/Widget3DPassThrough.uasset" 247
"../../../Engine/Content/EngineMaterials/Widget3DPassThrough_Masked.uasset" 248
"../../../Engine/Content/EngineMaterials/Widget3DPassThrough_Opaque.uasset" 249
"../../../Engine/Content/EngineMaterials/Widget3DPassThrough_Masked_OneSided.uasset" 250
"../../../Engine/Content/EngineMaterials/Widget3DPassThrough_Opaque_OneSided.uasset" 251
"../../../Engine/Content/EngineMaterials/Widget3DPassThrough_Translucent.uasset" 252
"../../../Engine/Content/EngineMaterials/Widget3DPassThrough_Translucent_OneSided.uasset" 253
"../../../Engine/Content/EngineMeshes/Cylinder.uasset" 254
"../../../Engine/Content/EngineMeshes/Sphere.uasset" 255
"../../../Engine/Content/EngineResources/Black.uasset" 256
"../../../Engine/Content/EngineResources/DefaultTexture.uasset" 257
"../../../Engine/Content/EngineResources/DefaultTextureCube.uasset" 258
"../../../Engine/Content/EngineResources/DefaultVolumeTexture2D.uasset" 259
"../../../Engine/Content/EngineResources/DefaultVolumeTexture.uasset" 260
"../../../Engine/Content/EngineResources/GradientTexture0.uasset" 261
"../../../Engine/Content/EngineSounds/Master.uasset" 262
"../../../Engine/Content/Functions/Engine_MaterialFunctions01/Shading/ConvertFromDiffSpec.uasset" 263
"../../../Engine/Content/Functions/Engine_MaterialFunctions01/Shading/PowerToRoughness.uasset" 264
"../../../Engine/Content/Maps/Templates/Thumbnails/Default.uasset" 265
"../../../Engine/Content/Maps/Templates/Thumbnails/VR-Basic.uasset" 266
"../../../Engine/Content/MobileResources/T_MobileControls_texture.uasset" 267
"../../../Engine/Content/MobileResources/T_MobileMenu2.uasset" 268
"../../../Engine/Content/MobileResources/HUD/AnalogHat.uasset" 269
"../../../Engine/Content/MobileResources/HUD/VirtualJoystick_Background.uasset" 270
"../../../Engine/Content/MobileResources/HUD/VirtualJoystick_Thumb.uasset" 271
"../../../Engine/Content/MobileResources/HUD/DefaultVirtualJoysticks.uasset" 272
"../../../Engine/Content/MobileResources/HUD/LeftVirtualJoystickOnly.uasset" 273
"../../../Engine/Content/MobileResources/HUD/MobileHUDButton1_off.uasset" 274
"../../../Engine/Content/MobileResources/HUD/MobileHUDButton1_on.uasset" 275
"../../../Engine/Content/MobileResources/HUD/MobileHUDButton2_off.uasset" 276
"../../../Engine/Content/MobileResources/HUD/MobileHUDButton2_on.uasset" 277
"../../../Engine/Content/MobileResources/HUD/MobileHUDButton3.uasset" 278
"../../../Engine/Content/MobileResources/HUD/MobileHUDButtonFire.uasset" 279
"../../../Engine/Content/MobileResources/HUD/MobileHUDDirectionPad.uasset" 280
"../../../Engine/Content/MobileResources/HUD/MobileHUDDirectionPad2.uasset" 281
"../../../Engine/Content/MobileResources/HUD/MobileHUDDirectionPad3.uasset" 282
"../../../Engine/Content/MobileResources/HUD/MobileHUDDirectionStick.uasset" 283
"../../../Engine/Content/MobileResources/HUD/T_Castle_ThumbstickInner.uasset" 284
"../../../Engine/Content/MobileResources/HUD/T_Castle_ThumbstickOutter.uasset" 285
"../../../Engine/Content/Tutorial/ContentIntroCurve.uasset" 286
"../../../Engine/Content/VREditor/LaserPointer/VR_LaserPower_01.uasset" 287
"../../../Engine/Content/VREditor/TransformGizmo/TransformGizmoMaterial.uasset" 288
"../../../Engine/Content/VREditor/TransformGizmo/TranslucentTransformGizmoMaterial.uasset" 289
"../../../Engine/Content/VREditor/TransformGizmo/BoundingBoxCorner.uasset" 290
"../../../Engine/Content/VREditor/TransformGizmo/BoundingBoxEdge.uasset" 291
"../../../Engine/Content/VREditor/TransformGizmo/PlaneTranslationHandle.uasset" 292
"../../../Engine/Content/VREditor/TransformGizmo/Main.uasset" 293
"../../../Engine/Content/VREditor/TransformGizmo/Xray.uasset" 294
"../../../Engine/Content/VREditor/TransformGizmo/SM_Sequencer_Key.uasset" 295
"../../../Engine/Content/VREditor/TransformGizmo/SM_Sequencer_Node.uasset" 296
"../../Plugins/2D/Paper2D/Content/PlaceholderTextures/DummySpriteTexture.uasset" 297
"../../Plugins/2D/Paper2D/Content/DummySprite.uasset" 298
"../../Plugins/2D/Paper2D/Content/DefaultPaperTerrainMaterial.uasset" 299
"../../Plugins/2D/Paper2D/Content/MaskedUnlitSpriteMaterial.uasset" 300
"../../Plugins/2D/Paper2D/Content/OpaqueUnlitSpriteMaterial.uasset" 301
"S:/Users/Varizio/Documents/Comp2019/Content/Blueprints/Spawner.uasset" 302
"S:/Users/Varizio/Documents/Comp2019/Content/Assets/Map/Fire1.uasset" 303
"S:/Users/Varizio/Documents/Comp2019/Content/Assets/Map/Fire1_Sprite.uasset" 304
"S:/Users/Varizio/Documents/Comp2019/Content/Assets/Map/Fire2.uasset" 305
"S:/Users/Varizio/Documents/Comp2019/Content/Assets/Map/Fire2_Sprite.uasset" 306
"S:/Users/Varizio/Documents/Comp2019/Content/Assets/Map/FireBot.uasset" 307
"S:/Users/Varizio/Documents/Comp2019/Content/Assets/Map/Fire1_1.uasset" 308
"S:/Users/Varizio/Documents/Comp2019/Content/Assets/Map/Fire1_1_Sprite.uasset" 309
"S:/Users/Varizio/Documents/Comp2019/Content/Assets/Map/Fire2_1.uasset" 310
"S:/Users/Varizio/Documents/Comp2019/Content/Assets/Map/Fire2_1_Sprite.uasset" 311
"S:/Users/Varizio/Documents/Comp2019/Content/Assets/Map/FireTop.uasset" 312
"S:/Users/Varizio/Documents/Comp2019/Content/Assets/Map/Map.uasset" 313
"S:/Users/Varizio/Documents/Comp2019/Content/Assets/Map/Map_TileSet.uasset" 314
"S:/Users/Varizio/Documents/Comp2019/Content/Levels/MainLevel-TM.uasset" 315
"S:/Users/Varizio/Documents/Comp2019/Content/Levels/MainLevelAssets-TM.uasset" 316
"S:/Users/Varizio/Documents/Comp2019/Content/Levels/MainLevel.umap" 317
"S:/Users/Varizio/Documents/Comp2019/Content/Levels/TestLevel-TM.uasset" 318
"S:/Users/Varizio/Documents/Comp2019/Content/Tabouret.uasset" 319
"S:/Users/Varizio/Documents/Comp2019/Content/Tabouret_Sprite.uasset" 320
"S:/Users/Varizio/Documents/Comp2019/Content/Levels/Test2.umap" 321
"S:/Users/Varizio/Documents/Comp2019/Content/Levels/TestLevel.umap" 322
"../../../Engine/Content/Maps/Entry_BuiltData.uasset" 323
"../../../Engine/Content/Maps/Entry.umap" 324
